<?xml version="1.0" encoding="UTF-8"?>
<!-- Generated by org.testng.reporters.JUnitReportReporter -->
<testsuite hostname="Azhar-Lap" failures="0" tests="5" name="Test_NG_Annotations.Simple_Annotations" time="0.026" errors="0" timestamp="2023-03-02T19:54:25 IST" skipped="2">
  <testcase classname="Test_NG_Annotations.Simple_Annotations" name="television" time="0.011"/>
  <system-out/>
  <testcase classname="Test_NG_Annotations.Simple_Annotations" name="headphones" time="0.012"/>
  <system-out/>
  <testcase classname="Test_NG_Annotations.Simple_Annotations" name="headphones" time="0.003"/>
  <system-out/>
  <testcase classname="Test_NG_Annotations.Simple_Annotations" name="laptops">
    <skipped/>
  </testcase> <!-- laptops -->
  <system-out/>
  <testcase classname="Test_NG_Annotations.Simple_Annotations" name="mobile">
    <skipped/>
  </testcase> <!-- mobile -->
  <system-out/>
</testsuite> <!-- Test_NG_Annotations.Simple_Annotations -->
